0 info it worked if it ends with ok
1 verbose cli [ 'D:\\Program Files\\\\node.exe',
1 verbose cli   'D:\\Program Files\\node_modules\\npm\\bin\\npm-cli.js',
1 verbose cli   'install',
1 verbose cli   'angular-resource@X.Y.Z' ]
2 info using npm@2.5.1
3 info using node@v0.12.0
4 verbose node symlink D:\Program Files\\node.exe
5 silly cache add args [ 'angular-resource@X.Y.Z', null ]
6 verbose cache add spec angular-resource@X.Y.Z
7 silly cache add parsed spec { raw: 'angular-resource@X.Y.Z',
7 silly cache add   scope: null,
7 silly cache add   name: 'angular-resource',
7 silly cache add   rawSpec: 'X.Y.Z',
7 silly cache add   spec: 'X.Y.Z',
7 silly cache add   type: 'tag' }
8 verbose addNamed angular-resource@X.Y.Z
9 silly addNamed semver.valid null
10 silly addNamed semver.validRange null
11 info addNameTag [ 'angular-resource', 'X.Y.Z' ]
12 silly mapToRegistry name angular-resource
13 silly mapToRegistry using default registry
14 silly mapToRegistry registry https://registry.npmjs.org/
15 silly mapToRegistry uri https://registry.npmjs.org/angular-resource
16 verbose addNameTag registry:https://registry.npmjs.org/angular-resource not in flight; fetching
17 verbose request uri https://registry.npmjs.org/angular-resource
18 verbose request no auth needed
19 info attempt registry request try #1 at 06:29:30
20 verbose request id 0c7d8864590d5b67
21 verbose etag "SPWVHCS4OFRQ05RPBB4QG098"
22 http request GET https://registry.npmjs.org/angular-resource
23 http 304 https://registry.npmjs.org/angular-resource
24 silly get cb [ 304,
24 silly get   { date: 'Tue, 03 May 2016 03:29:31 GMT',
24 silly get     via: '1.1 varnish',
24 silly get     'cache-control': 'max-age=300',
24 silly get     etag: '"SPWVHCS4OFRQ05RPBB4QG098"',
24 silly get     age: '37',
24 silly get     connection: 'keep-alive',
24 silly get     'x-served-by': 'cache-fra1236-FRA',
24 silly get     'x-cache': 'HIT',
24 silly get     'x-cache-hits': '1',
24 silly get     'x-timer': 'S1462246171.242345,VS0,VE0',
24 silly get     vary: 'Accept-Encoding' } ]
25 verbose etag https://registry.npmjs.org/angular-resource from cache
26 verbose get saving angular-resource to C:\Users\stelco\AppData\Roaming\npm-cache\registry.npmjs.org\angular-resource\.cache.json
27 silly addNameTag next cb for angular-resource with tag X.Y.Z
28 verbose stack Error: No compatible version found: angular-resource@'X.Y.Z'
28 verbose stack Valid install targets:
28 verbose stack ["0.0.1","0.0.2","0.1.0","0.1.1","1.3.0-rc.5","1.3.0","1.3.1","1.3.2","1.3.3","1.3.4-build.3587","1.2.27","1.3.4","1.3.5","1.3.6","1.3.7","1.2.28","1.3.8","1.4.0-beta.0","1.3.9","1.3.10","1.4.0-beta.1","1.4.0-beta.2","1.3.11","1.4.0-beta.3","1.3.12","1.3.13","1.4.0-beta.4","1.3.14","1.4.0-beta.5","1.4.0-beta.6","1.3.15","1.4.0-rc.0","1.4.0-rc.1","1.4.0-rc.2","1.4.0","1.3.16","1.4.1","1.4.2","1.3.17","1.4.3","1.4.4","1.3.18","1.4.5","1.3.19","1.4.6","1.5.0-beta.0","1.2.29","1.3.20","1.4.7","1.5.0-beta.2","1.4.8","1.5.0-rc.0","1.5.0-rc.1","1.4.9","1.5.0-rc.2","1.5.0","1.5.1","1.4.10","1.5.2","1.5.3","1.5.5"]
28 verbose stack
28 verbose stack     at installTargetsError (D:\Program Files\node_modules\npm\lib\cache\add-named.js:259:12)
28 verbose stack     at next (D:\Program Files\node_modules\npm\lib\cache\add-named.js:79:10)
28 verbose stack     at RES (D:\Program Files\node_modules\npm\node_modules\inflight\inflight.js:23:14)
28 verbose stack     at f (D:\Program Files\node_modules\npm\node_modules\once\once.js:17:25)
28 verbose stack     at saved (D:\Program Files\node_modules\npm\lib\cache\caching-client.js:173:7)
28 verbose stack     at FSReqWrap.oncomplete (fs.js:99:15)
29 verbose cwd D:\Documents\JSFrameWorks\AngularProject\RepoITS\AngularJS-IssueTrackingSystem\app
30 error Windows_NT 6.3.9600
31 error argv "D:\\Program Files\\\\node.exe" "D:\\Program Files\\node_modules\\npm\\bin\\npm-cli.js" "install" "angular-resource@X.Y.Z"
32 error node v0.12.0
33 error npm  v2.5.1
34 error code ETARGET
35 error notarget No compatible version found: angular-resource@'X.Y.Z'
35 error notarget Valid install targets:
35 error notarget ["0.0.1","0.0.2","0.1.0","0.1.1","1.3.0-rc.5","1.3.0","1.3.1","1.3.2","1.3.3","1.3.4-build.3587","1.2.27","1.3.4","1.3.5","1.3.6","1.3.7","1.2.28","1.3.8","1.4.0-beta.0","1.3.9","1.3.10","1.4.0-beta.1","1.4.0-beta.2","1.3.11","1.4.0-beta.3","1.3.12","1.3.13","1.4.0-beta.4","1.3.14","1.4.0-beta.5","1.4.0-beta.6","1.3.15","1.4.0-rc.0","1.4.0-rc.1","1.4.0-rc.2","1.4.0","1.3.16","1.4.1","1.4.2","1.3.17","1.4.3","1.4.4","1.3.18","1.4.5","1.3.19","1.4.6","1.5.0-beta.0","1.2.29","1.3.20","1.4.7","1.5.0-beta.2","1.4.8","1.5.0-rc.0","1.5.0-rc.1","1.4.9","1.5.0-rc.2","1.5.0","1.5.1","1.4.10","1.5.2","1.5.3","1.5.5"]
35 error notarget
35 error notarget This is most likely not a problem with npm itself.
35 error notarget In most cases you or one of your dependencies are requesting
35 error notarget a package version that doesn't exist.
36 verbose exit [ 1, true ]
